[debug] [2023-06-09T12:31:02.837Z] ----------------------------------------------------------------------
[debug] [2023-06-09T12:31:02.839Z] Command:       C:\Program Files\nodejs\node.exe C:\Users\Web Server\AppData\Roaming\npm\node_modules\firebase-tools\lib\bin\firebase.js init
[debug] [2023-06-09T12:31:02.840Z] CLI Version:   12.3.1
[debug] [2023-06-09T12:31:02.841Z] Platform:      win32
[debug] [2023-06-09T12:31:02.841Z] Node Version:  v18.16.0
[debug] [2023-06-09T12:31:02.842Z] Time:          Fri Jun 09 2023 17:31:02 GMT+0500 (Pakistan Standard Time)
[debug] [2023-06-09T12:31:02.842Z] ----------------------------------------------------------------------
[debug] 
[debug] [2023-06-09T12:31:02.852Z] > command requires scopes: ["email","openid","https://www.googleapis.com/auth/cloudplatformprojects.readonly","https://www.googleapis.com/auth/firebase","https://www.googleapis.com/auth/cloud-platform"]
[debug] [2023-06-09T12:31:02.852Z] > authorizing via signed-in user (syedfawadhashmi5@gmail.com)
[info] 
     ######## #### ########  ######## ########     ###     ######  ########
     ##        ##  ##     ## ##       ##     ##  ##   ##  ##       ##
     ######    ##  ########  ######   ########  #########  ######  ######
     ##        ##  ##    ##  ##       ##     ## ##     ##       ## ##
     ##       #### ##     ## ######## ########  ##     ##  ######  ########

You're about to initialize a Firebase project in this directory:

  C:\Users\Web Server\Desktop\facebook-clone12

[info] 
=== Project Setup
[info] 
[info] First, let's associate this project directory with a Firebase project.
[info] You can create multiple project aliases by running firebase use --add, 
[info] but for now we'll just set up a default project.
[info] 
[debug] [2023-06-09T12:31:29.713Z] >>> [apiv2][query] GET https://firebase.googleapis.com/v1beta1/projects pageSize=100
[debug] [2023-06-09T12:31:30.514Z] <<< [apiv2][status] GET https://firebase.googleapis.com/v1beta1/projects 200
[debug] [2023-06-09T12:31:30.515Z] <<< [apiv2][body] GET https://firebase.googleapis.com/v1beta1/projects [omitted]
[info] i  Using project demodeta-5a615 (demodeta) 
[info] 
=== Hosting Setup
[info] 
[info] Your public directory is the folder (relative to your project directory) that
[info] will contain Hosting assets to be uploaded with firebase deploy. If you
[info] have a build process for your assets, use your build's output directory.
[info] 
[debug] [2023-06-09T12:32:29.360Z] >>> [apiv2][query] GET https://www.gstatic.com/firebasejs/releases.json [none]
[debug] [2023-06-09T12:32:29.572Z] <<< [apiv2][status] GET https://www.gstatic.com/firebasejs/releases.json 200
[debug] [2023-06-09T12:32:29.572Z] <<< [apiv2][body] GET https://www.gstatic.com/firebasejs/releases.json {"current":{"version":"9.22.2","browserURL":"https://www.gstatic.com/firebasejs/9.22.2/firebase.js","packageURL":"https://www.gstatic.com/firebasejs/9.22.2/firebase.tgz"},"live":{"version":"9.22","browserURL":"https://www.gstatic.com/firebasejs/live/9.22/firebase.js","packageURL":"https://www.gstatic.com/firebasejs/live/9.22/firebase.tgz"},"components":{"analytics":"https://www.gstatic.com/firebasejs/9.22.2/firebase-analytics.js","app":"https://www.gstatic.com/firebasejs/9.22.2/firebase-app.js","app-check":"https://www.gstatic.com/firebasejs/9.22.2/firebase-app-check.js","auth":"https://www.gstatic.com/firebasejs/9.22.2/firebase-auth.js","auth/cordova":"https://www.gstatic.com/firebasejs/9.22.2/firebase-auth/cordova.js","auth/react-native":"https://www.gstatic.com/firebasejs/9.22.2/firebase-auth/react-native.js","functions":"https://www.gstatic.com/firebasejs/9.22.2/firebase-functions.js","firestore":"https://www.gstatic.com/firebasejs/9.22.2/firebase-firestore.js","firestore/lite":"https://www.gstatic.com/firebasejs/9.22.2/firebase-firestore/lite.js","installations":"https://www.gstatic.com/firebasejs/9.22.2/firebase-installations.js","storage":"https://www.gstatic.com/firebasejs/9.22.2/firebase-storage.js","performance":"https://www.gstatic.com/firebasejs/9.22.2/firebase-performance.js","remote-config":"https://www.gstatic.com/firebasejs/9.22.2/firebase-remote-config.js","messaging":"https://www.gstatic.com/firebasejs/9.22.2/firebase-messaging.js","messaging/sw":"https://www.gstatic.com/firebasejs/9.22.2/firebase-messaging/sw.js","database":"https://www.gstatic.com/firebasejs/9.22.2/firebase-database.js","firestore.memory":"https://www.gstatic.com/firebasejs/9.22.2/firebase-firestore.memory.js"}}
[info] +  Wrote public/index.html 
[info] 
[info] i  Detected a .git folder at C:\Users\Web Server\Desktop\facebook-clone12 
[info] i  Authorizing with GitHub to upload your service account to a GitHub repository's secrets store. 
[info] 
[info] Visit this URL on this device to log in:
[info] https://github.com/login/oauth/authorize?client_id=89cf50f02ac6aaed3484&state=366238153&redirect_uri=http%3A%2F%2Flocalhost%3A9005&scope=read%3Auser%20repo%20public_repo
[info] 
[info] Waiting for authentication...
[debug] [2023-06-09T12:35:01.083Z] >>> [apiv2][query] POST https://github.com/login/oauth/access_token [none]
[debug] [2023-06-09T12:35:01.084Z] >>> [apiv2][body] POST https://github.com/login/oauth/access_token [stream]
[debug] [2023-06-09T12:35:01.561Z] <<< [apiv2][status] POST https://github.com/login/oauth/access_token 200
[debug] [2023-06-09T12:35:01.561Z] <<< [apiv2][body] POST https://github.com/login/oauth/access_token {"access_token":"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","token_type":"bearer","scope":"read:user,repo"}
[debug] [2023-06-09T12:35:01.568Z] >>> [apiv2][query] GET https://api.github.com/user [none]
[debug] [2023-06-09T12:35:02.104Z] <<< [apiv2][status] GET https://api.github.com/user 200
[debug] [2023-06-09T12:35:02.105Z] <<< [apiv2][body] GET https://api.github.com/user {"login":"syedfawadhashmi5","id":59658569,"node_id":"MDQ6VXNlcjU5NjU4NTY5","avatar_url":"https://avatars.githubusercontent.com/u/59658569?v=4","gravatar_id":"","url":"https://api.github.com/users/syedfawadhashmi5","html_url":"https://github.com/syedfawadhashmi5","followers_url":"https://api.github.com/users/syedfawadhashmi5/followers","following_url":"https://api.github.com/users/syedfawadhashmi5/following{/other_user}","gists_url":"https://api.github.com/users/syedfawadhashmi5/gists{/gist_id}","starred_url":"https://api.github.com/users/syedfawadhashmi5/starred{/owner}{/repo}","subscriptions_url":"https://api.github.com/users/syedfawadhashmi5/subscriptions","organizations_url":"https://api.github.com/users/syedfawadhashmi5/orgs","repos_url":"https://api.github.com/users/syedfawadhashmi5/repos","events_url":"https://api.github.com/users/syedfawadhashmi5/events{/privacy}","received_events_url":"https://api.github.com/users/syedfawadhashmi5/received_events","type":"User","site_admin":false,"name":"Syed Fawad Hashmi","company":null,"blog":"","location":null,"email":null,"hireable":null,"bio":"I'm a Front-End Software Engineer, passionate to contribute open-source projects and making cool products.\r\nWordPress Page Builders,React Javascript Developer ","twitter_username":null,"public_repos":77,"public_gists":0,"followers":4,"following":2,"created_at":"2020-01-08T15:58:50Z","updated_at":"2023-06-09T12:34:08Z","private_gists":0,"total_private_repos":9,"owned_private_repos":9,"disk_usage":459031,"collaborators":0,"two_factor_authentication":false,"plan":{"name":"free","space":976562499,"collaborators":0,"private_repos":10000}}
[info] 
[info] +  Success! Logged into GitHub as syedfawadhashmi5 
[info] 
[debug] [2023-06-09T12:35:10.702Z] >>> [apiv2][query] GET https://api.github.com/repos//actions/secrets/public-key type=owner
[debug] [2023-06-09T12:35:11.142Z] <<< [apiv2][status] GET https://api.github.com/repos//actions/secrets/public-key 404
[debug] [2023-06-09T12:35:11.142Z] <<< [apiv2][body] GET https://api.github.com/repos//actions/secrets/public-key {"message":"Not Found","documentation_url":"https://docs.github.com/rest"}
[info] 
[info] 
[error] !  The provided authorization cannot be used with this repository. If this repository is in an organization, did you remember to grant access? 
[info] 
[info] i  Action required: Visit this URL to ensure access has been granted to the appropriate organization(s) for the Firebase CLI GitHub OAuth App: 
[info] https://github.com/settings/connections/applications/89cf50f02ac6aaed3484
[info] 
[debug] [2023-06-09T12:35:14.398Z] >>> [apiv2][query] GET https://api.github.com/repos//actions/secrets/public-key type=owner
[debug] [2023-06-09T12:35:14.826Z] <<< [apiv2][status] GET https://api.github.com/repos//actions/secrets/public-key 404
[debug] [2023-06-09T12:35:14.826Z] <<< [apiv2][body] GET https://api.github.com/repos//actions/secrets/public-key {"message":"Not Found","documentation_url":"https://docs.github.com/rest"}
[info] 
[info] 
[error] !  The provided authorization cannot be used with this repository. If this repository is in an organization, did you remember to grant access? 
[info] 
[info] i  Action required: Visit this URL to ensure access has been granted to the appropriate organization(s) for the Firebase CLI GitHub OAuth App: 
[info] https://github.com/settings/connections/applications/89cf50f02ac6aaed3484
[info] 
[debug] [2023-06-09T12:35:20.326Z] >>> [apiv2][query] GET https://api.github.com/repos/new/actions/secrets/public-key type=owner
[debug] [2023-06-09T12:35:20.761Z] <<< [apiv2][status] GET https://api.github.com/repos/new/actions/secrets/public-key 404
[debug] [2023-06-09T12:35:20.761Z] <<< [apiv2][body] GET https://api.github.com/repos/new/actions/secrets/public-key {"message":"Not Found","documentation_url":"https://docs.github.com/rest"}
[info] 
[info] 
[error] !  The provided authorization cannot be used with this repository. If this repository is in an organization, did you remember to grant access? 
[info] 
[info] i  Action required: Visit this URL to ensure access has been granted to the appropriate organization(s) for the Firebase CLI GitHub OAuth App: 
[info] https://github.com/settings/connections/applications/89cf50f02ac6aaed3484
[info] 
[debug] [2023-06-09T12:35:33.862Z] >>> [apiv2][query] GET https://api.github.com/repos/yes/actions/secrets/public-key type=owner
[debug] [2023-06-09T12:35:34.310Z] <<< [apiv2][status] GET https://api.github.com/repos/yes/actions/secrets/public-key 404
[debug] [2023-06-09T12:35:34.311Z] <<< [apiv2][body] GET https://api.github.com/repos/yes/actions/secrets/public-key {"message":"Not Found","documentation_url":"https://docs.github.com/rest"}
[info] 
[info] 
[error] !  The provided authorization cannot be used with this repository. If this repository is in an organization, did you remember to grant access? 
[info] 
[info] i  Action required: Visit this URL to ensure access has been granted to the appropriate organization(s) for the Firebase CLI GitHub OAuth App: 
[info] https://github.com/settings/connections/applications/89cf50f02ac6aaed3484
[info] 
[debug] [2023-06-09T12:37:41.853Z] >>> [apiv2][query] GET https://api.github.com/repos/yeshttps://github.com/settings/connections/applications/89cf50f02ac6aaed3484https://github.com/settings/connections/applications/89cf50f02ac6aaed3484/actions/secrets/public-key type=owner
[debug] [2023-06-09T12:37:42.037Z] >>> [apiv2][query] GET https://api.github.com/repos//actions/secrets/public-key type=owner
[debug] [2023-06-09T12:37:42.173Z] >>> [apiv2][query] GET https://api.github.com/repos//actions/secrets/public-key type=owner
[debug] [2023-06-09T12:37:42.294Z] <<< [apiv2][status] GET https://api.github.com/repos/yeshttps://github.com/settings/connections/applications/89cf50f02ac6aaed3484https://github.com/settings/connections/applications/89cf50f02ac6aaed3484/actions/secrets/public-key 404
[debug] [2023-06-09T12:37:42.294Z] <<< [apiv2][body] GET https://api.github.com/repos/yeshttps://github.com/settings/connections/applications/89cf50f02ac6aaed3484https://github.com/settings/connections/applications/89cf50f02ac6aaed3484/actions/secrets/public-key {"message":"Not Found","documentation_url":"https://docs.github.com/rest"}
[info] 
[info] 
[error] !  The provided authorization cannot be used with this repository. If this repository is in an organization, did you remember to grant access? 
[info] 
[info] i  Action required: Visit this URL to ensure access has been granted to the appropriate organization(s) for the Firebase CLI GitHub OAuth App: 
[info] https://github.com/settings/connections/applications/89cf50f02ac6aaed3484
[info] 
[debug] [2023-06-09T12:37:42.478Z] <<< [apiv2][status] GET https://api.github.com/repos//actions/secrets/public-key 404
[debug] [2023-06-09T12:37:42.479Z] <<< [apiv2][body] GET https://api.github.com/repos//actions/secrets/public-key {"message":"Not Found","documentation_url":"https://docs.github.com/rest"}
[info] 
[info] 
[error] !  The provided authorization cannot be used with this repository. If this repository is in an organization, did you remember to grant access? 
[info] 
[info] i  Action required: Visit this URL to ensure access has been granted to the appropriate organization(s) for the Firebase CLI GitHub OAuth App: 
[info] https://github.com/settings/connections/applications/89cf50f02ac6aaed3484
[info] 
[debug] [2023-06-09T12:37:42.605Z] <<< [apiv2][status] GET https://api.github.com/repos//actions/secrets/public-key 404
[debug] [2023-06-09T12:37:42.606Z] <<< [apiv2][body] GET https://api.github.com/repos//actions/secrets/public-key {"message":"Not Found","documentation_url":"https://docs.github.com/rest"}
[info] 
[info] 
[error] !  The provided authorization cannot be used with this repository. If this repository is in an organization, did you remember to grant access? 
[info] 
[info] i  Action required: Visit this URL to ensure access has been granted to the appropriate organization(s) for the Firebase CLI GitHub OAuth App: 
[info] https://github.com/settings/connections/applications/89cf50f02ac6aaed3484
[info] 
